[ 2017-02-28T08:13:54+08:00 ] 218.6.135.166 /freeclass/index.php/home/group/tables/data1.json?limit=10&offset=0&sort=name&order=desc
ERR: 非法操作:tables

[ 2017-02-28T08:18:45+08:00 ] 182.132.132.73 /freeclass/index.php/home/index/index.html
ERR: 1048:Column 'name' cannot be null
 [ SQL语句 ] : INSERT INTO `user` (`id`,`name`,`userstatus`,`campus`) VALUES ('20158786',NULL,'S',NULL)
ERR: 1048:Column 'name' cannot be null
 [ SQL语句 ] : INSERT INTO `user` (`id`,`name`,`userstatus`,`campus`) VALUES ('20158786',NULL,'S',NULL)

[ 2017-02-28T08:18:46+08:00 ] 117.136.63.8 /freeclass/index.php/home/index/index.html
ERR: 1048:Column 'name' cannot be null
 [ SQL语句 ] : INSERT INTO `user` (`id`,`name`,`userstatus`,`campus`) VALUES ('20140396',NULL,'S',NULL)
ERR: 1048:Column 'name' cannot be null
 [ SQL语句 ] : INSERT INTO `user` (`id`,`name`,`userstatus`,`campus`) VALUES ('20140396',NULL,'S',NULL)

[ 2017-02-28T08:18:47+08:00 ] 182.132.132.73 /freeclass/index.php/home/index/index.html
ERR: 1048:Column 'name' cannot be null
 [ SQL语句 ] : INSERT INTO `user` (`id`,`name`,`userstatus`,`campus`) VALUES ('20158786',NULL,'S',NULL)
ERR: 1048:Column 'name' cannot be null
 [ SQL语句 ] : INSERT INTO `user` (`id`,`name`,`userstatus`,`campus`) VALUES ('20158786',NULL,'S',NULL)

[ 2017-02-28T08:18:49+08:00 ] 182.132.132.73 /freeclass/index.php/home/index/index.html
ERR: 1048:Column 'name' cannot be null
 [ SQL语句 ] : INSERT INTO `user` (`id`,`name`,`userstatus`,`campus`) VALUES ('20158786',NULL,'S',NULL)
ERR: 1048:Column 'name' cannot be null
 [ SQL语句 ] : INSERT INTO `user` (`id`,`name`,`userstatus`,`campus`) VALUES ('20158786',NULL,'S',NULL)

[ 2017-02-28T08:18:51+08:00 ] 182.132.132.73 /freeclass/index.php/home/index/index.html
ERR: 1048:Column 'name' cannot be null
 [ SQL语句 ] : INSERT INTO `user` (`id`,`name`,`userstatus`,`campus`) VALUES ('20158786',NULL,'S',NULL)
ERR: 1048:Column 'name' cannot be null
 [ SQL语句 ] : INSERT INTO `user` (`id`,`name`,`userstatus`,`campus`) VALUES ('20158786',NULL,'S',NULL)

[ 2017-02-28T08:18:53+08:00 ] 182.132.132.73 /freeclass/index.php/home/index/index.html
ERR: 1048:Column 'name' cannot be null
 [ SQL语句 ] : INSERT INTO `user` (`id`,`name`,`userstatus`,`campus`) VALUES ('20158786',NULL,'S',NULL)
ERR: 1048:Column 'name' cannot be null
 [ SQL语句 ] : INSERT INTO `user` (`id`,`name`,`userstatus`,`campus`) VALUES ('20158786',NULL,'S',NULL)

[ 2017-02-28T08:18:56+08:00 ] 182.132.132.73 /freeclass/index.php/home/index/index.html
ERR: 1048:Column 'name' cannot be null
 [ SQL语句 ] : INSERT INTO `user` (`id`,`name`,`userstatus`,`campus`) VALUES ('20158786',NULL,'S',NULL)
ERR: 1048:Column 'name' cannot be null
 [ SQL语句 ] : INSERT INTO `user` (`id`,`name`,`userstatus`,`campus`) VALUES ('20158786',NULL,'S',NULL)

[ 2017-02-28T08:18:57+08:00 ] 182.132.132.73 /freeclass/index.php/home/index/index.html
ERR: 1048:Column 'name' cannot be null
 [ SQL语句 ] : INSERT INTO `user` (`id`,`name`,`userstatus`,`campus`) VALUES ('20158786',NULL,'S',NULL)
ERR: 1048:Column 'name' cannot be null
 [ SQL语句 ] : INSERT INTO `user` (`id`,`name`,`userstatus`,`campus`) VALUES ('20158786',NULL,'S',NULL)

[ 2017-02-28T08:18:59+08:00 ] 182.132.132.73 /freeclass/index.php/home/index/index.html
ERR: 1048:Column 'name' cannot be null
 [ SQL语句 ] : INSERT INTO `user` (`id`,`name`,`userstatus`,`campus`) VALUES ('20158786',NULL,'S',NULL)
ERR: 1048:Column 'name' cannot be null
 [ SQL语句 ] : INSERT INTO `user` (`id`,`name`,`userstatus`,`campus`) VALUES ('20158786',NULL,'S',NULL)

[ 2017-02-28T08:19:01+08:00 ] 182.132.132.73 /freeclass/index.php/home/index/index.html
ERR: 1048:Column 'name' cannot be null
 [ SQL语句 ] : INSERT INTO `user` (`id`,`name`,`userstatus`,`campus`) VALUES ('20158786',NULL,'S',NULL)
ERR: 1048:Column 'name' cannot be null
 [ SQL语句 ] : INSERT INTO `user` (`id`,`name`,`userstatus`,`campus`) VALUES ('20158786',NULL,'S',NULL)

[ 2017-02-28T08:19:03+08:00 ] 182.132.132.73 /freeclass/index.php/home/index/index.html
ERR: 1048:Column 'name' cannot be null
 [ SQL语句 ] : INSERT INTO `user` (`id`,`name`,`userstatus`,`campus`) VALUES ('20158786',NULL,'S',NULL)
ERR: 1048:Column 'name' cannot be null
 [ SQL语句 ] : INSERT INTO `user` (`id`,`name`,`userstatus`,`campus`) VALUES ('20158786',NULL,'S',NULL)

[ 2017-02-28T08:19:05+08:00 ] 117.136.63.8 /freeclass/index.php/home/index/index.html
ERR: 1048:Column 'name' cannot be null
 [ SQL语句 ] : INSERT INTO `user` (`id`,`name`,`userstatus`,`campus`) VALUES ('20140396',NULL,'S',NULL)
ERR: 1048:Column 'name' cannot be null
 [ SQL语句 ] : INSERT INTO `user` (`id`,`name`,`userstatus`,`campus`) VALUES ('20140396',NULL,'S',NULL)

[ 2017-02-28T08:19:06+08:00 ] 182.132.132.73 /freeclass/index.php/home/index/index.html
ERR: 1048:Column 'name' cannot be null
 [ SQL语句 ] : INSERT INTO `user` (`id`,`name`,`userstatus`,`campus`) VALUES ('20158786',NULL,'S',NULL)
ERR: 1048:Column 'name' cannot be null
 [ SQL语句 ] : INSERT INTO `user` (`id`,`name`,`userstatus`,`campus`) VALUES ('20158786',NULL,'S',NULL)

[ 2017-02-28T08:19:52+08:00 ] 223.104.9.196 /freeclass/index.php/home/index/index.html
ERR: 1048:Column 'name' cannot be null
 [ SQL语句 ] : INSERT INTO `user` (`id`,`name`,`userstatus`,`campus`) VALUES ('20158833',NULL,'S',NULL)
ERR: 1048:Column 'name' cannot be null
 [ SQL语句 ] : INSERT INTO `user` (`id`,`name`,`userstatus`,`campus`) VALUES ('20158833',NULL,'S',NULL)

[ 2017-02-28T08:19:54+08:00 ] 223.104.9.196 /freeclass/index.php/home/index/index.html
ERR: 1048:Column 'name' cannot be null
 [ SQL语句 ] : INSERT INTO `user` (`id`,`name`,`userstatus`,`campus`) VALUES ('20158833',NULL,'S',NULL)
ERR: 1048:Column 'name' cannot be null
 [ SQL语句 ] : INSERT INTO `user` (`id`,`name`,`userstatus`,`campus`) VALUES ('20158833',NULL,'S',NULL)

[ 2017-02-28T08:20:22+08:00 ] 223.104.9.196 /freeclass/index.php/home/index/index.html
ERR: 1048:Column 'name' cannot be null
 [ SQL语句 ] : INSERT INTO `user` (`id`,`name`,`userstatus`,`campus`) VALUES ('20158833',NULL,'S',NULL)
ERR: 1048:Column 'name' cannot be null
 [ SQL语句 ] : INSERT INTO `user` (`id`,`name`,`userstatus`,`campus`) VALUES ('20158833',NULL,'S',NULL)

[ 2017-02-28T08:20:24+08:00 ] 223.104.9.196 /freeclass/index.php/home/index/index.html
ERR: 1048:Column 'name' cannot be null
 [ SQL语句 ] : INSERT INTO `user` (`id`,`name`,`userstatus`,`campus`) VALUES ('20158833',NULL,'S',NULL)
ERR: 1048:Column 'name' cannot be null
 [ SQL语句 ] : INSERT INTO `user` (`id`,`name`,`userstatus`,`campus`) VALUES ('20158833',NULL,'S',NULL)

[ 2017-02-28T08:22:57+08:00 ] 117.136.70.29 /freeclass/index.php/home/index/index.html
ERR: 1048:Column 'name' cannot be null
 [ SQL语句 ] : INSERT INTO `user` (`id`,`name`,`userstatus`,`campus`) VALUES ('20140418',NULL,'S',NULL)
ERR: 1048:Column 'name' cannot be null
 [ SQL语句 ] : INSERT INTO `user` (`id`,`name`,`userstatus`,`campus`) VALUES ('20140418',NULL,'S',NULL)

[ 2017-02-28T08:23:11+08:00 ] 117.136.70.29 /freeclass/index.php/home/index/index.html
ERR: 1048:Column 'name' cannot be null
 [ SQL语句 ] : INSERT INTO `user` (`id`,`name`,`userstatus`,`campus`) VALUES ('20140418',NULL,'S',NULL)
ERR: 1048:Column 'name' cannot be null
 [ SQL语句 ] : INSERT INTO `user` (`id`,`name`,`userstatus`,`campus`) VALUES ('20140418',NULL,'S',NULL)

[ 2017-02-28T08:23:27+08:00 ] 117.136.70.29 /freeclass/index.php/home/index/index.html
ERR: 1048:Column 'name' cannot be null
 [ SQL语句 ] : INSERT INTO `user` (`id`,`name`,`userstatus`,`campus`) VALUES ('20140418',NULL,'S',NULL)
ERR: 1048:Column 'name' cannot be null
 [ SQL语句 ] : INSERT INTO `user` (`id`,`name`,`userstatus`,`campus`) VALUES ('20140418',NULL,'S',NULL)

[ 2017-02-28T08:24:18+08:00 ] 117.136.70.29 /freeclass/index.php/home/index/index.html
ERR: 1048:Column 'name' cannot be null
 [ SQL语句 ] : INSERT INTO `user` (`id`,`name`,`userstatus`,`campus`) VALUES ('20140418',NULL,'S',NULL)
ERR: 1048:Column 'name' cannot be null
 [ SQL语句 ] : INSERT INTO `user` (`id`,`name`,`userstatus`,`campus`) VALUES ('20140418',NULL,'S',NULL)

[ 2017-02-28T08:24:48+08:00 ] 117.136.63.41 /freeclass/index.php/home/index/index.html
ERR: 1048:Column 'name' cannot be null
 [ SQL语句 ] : INSERT INTO `user` (`id`,`name`,`userstatus`,`campus`) VALUES ('20158795',NULL,'S',NULL)
ERR: 1048:Column 'name' cannot be null
 [ SQL语句 ] : INSERT INTO `user` (`id`,`name`,`userstatus`,`campus`) VALUES ('20158795',NULL,'S',NULL)

[ 2017-02-28T08:30:20+08:00 ] 124.161.176.62 /freeclass/index.php/home/index/index.html
ERR: 1048:Column 'name' cannot be null
 [ SQL语句 ] : INSERT INTO `user` (`id`,`name`,`userstatus`,`campus`) VALUES ('20140395',NULL,'S',NULL)
ERR: 1048:Column 'name' cannot be null
 [ SQL语句 ] : INSERT INTO `user` (`id`,`name`,`userstatus`,`campus`) VALUES ('20140395',NULL,'S',NULL)

[ 2017-02-28T08:35:51+08:00 ] 117.136.70.17 /freeclass/index.php/home/index/index.html
ERR: 1048:Column 'name' cannot be null
 [ SQL语句 ] : INSERT INTO `user` (`id`,`name`,`userstatus`,`campus`) VALUES ('20140378',NULL,'S',NULL)
ERR: 1048:Column 'name' cannot be null
 [ SQL语句 ] : INSERT INTO `user` (`id`,`name`,`userstatus`,`campus`) VALUES ('20140378',NULL,'S',NULL)

[ 2017-02-28T08:36:14+08:00 ] 117.136.70.17 /freeclass/index.php/home/index/index.html
ERR: 1048:Column 'name' cannot be null
 [ SQL语句 ] : INSERT INTO `user` (`id`,`name`,`userstatus`,`campus`) VALUES ('20140378',NULL,'S',NULL)
ERR: 1048:Column 'name' cannot be null
 [ SQL语句 ] : INSERT INTO `user` (`id`,`name`,`userstatus`,`campus`) VALUES ('20140378',NULL,'S',NULL)

[ 2017-02-28T08:37:30+08:00 ] 117.136.70.17 /freeclass/index.php/home/index/index.html
ERR: 1048:Column 'name' cannot be null
 [ SQL语句 ] : INSERT INTO `user` (`id`,`name`,`userstatus`,`campus`) VALUES ('20140378',NULL,'S',NULL)
ERR: 1048:Column 'name' cannot be null
 [ SQL语句 ] : INSERT INTO `user` (`id`,`name`,`userstatus`,`campus`) VALUES ('20140378',NULL,'S',NULL)

[ 2017-02-28T08:39:56+08:00 ] 106.39.190.115 /freeclass/index.php/home/index/index.html
ERR: 1048:Column 'name' cannot be null
 [ SQL语句 ] : INSERT INTO `user` (`id`,`name`,`userstatus`,`campus`) VALUES ('20140344',NULL,'S',NULL)
ERR: 1048:Column 'name' cannot be null
 [ SQL语句 ] : INSERT INTO `user` (`id`,`name`,`userstatus`,`campus`) VALUES ('20140344',NULL,'S',NULL)

[ 2017-02-28T08:40:07+08:00 ] 106.39.190.102 /freeclass/index.php/home/index/index.html
ERR: 1048:Column 'name' cannot be null
 [ SQL语句 ] : INSERT INTO `user` (`id`,`name`,`userstatus`,`campus`) VALUES ('20140344',NULL,'S',NULL)
ERR: 1048:Column 'name' cannot be null
 [ SQL语句 ] : INSERT INTO `user` (`id`,`name`,`userstatus`,`campus`) VALUES ('20140344',NULL,'S',NULL)

[ 2017-02-28T08:56:36+08:00 ] 223.104.9.200 /freeclass/index.php/home/index/index.html
ERR: 1048:Column 'name' cannot be null
 [ SQL语句 ] : INSERT INTO `user` (`id`,`name`,`userstatus`,`campus`) VALUES ('20140376',NULL,'S',NULL)
ERR: 1048:Column 'name' cannot be null
 [ SQL语句 ] : INSERT INTO `user` (`id`,`name`,`userstatus`,`campus`) VALUES ('20140376',NULL,'S',NULL)

[ 2017-02-28T09:06:24+08:00 ] 125.67.226.41 /freeclass/index.php/home/index/index.html
ERR: 1048:Column 'name' cannot be null
 [ SQL语句 ] : INSERT INTO `user` (`id`,`name`,`userstatus`,`campus`) VALUES ('20140356',NULL,'S',NULL)
ERR: 1048:Column 'name' cannot be null
 [ SQL语句 ] : INSERT INTO `user` (`id`,`name`,`userstatus`,`campus`) VALUES ('20140356',NULL,'S',NULL)

[ 2017-02-28T09:09:04+08:00 ] 218.6.135.168 /freeclass/index.php/home/group/tables/data1.json?limit=10&offset=0&sort=name&order=desc
ERR: 非法操作:tables

[ 2017-02-28T10:04:14+08:00 ] 117.136.63.12 /freeclass/index.php/home/index/index.html
ERR: 1048:Column 'name' cannot be null
 [ SQL语句 ] : INSERT INTO `user` (`id`,`name`,`userstatus`,`campus`) VALUES ('201604012',NULL,'S',NULL)
ERR: 1048:Column 'name' cannot be null
 [ SQL语句 ] : INSERT INTO `user` (`id`,`name`,`userstatus`,`campus`) VALUES ('201604012',NULL,'S',NULL)

[ 2017-02-28T10:04:32+08:00 ] 117.136.63.12 /freeclass/index.php/home/index/index.html
ERR: 1048:Column 'name' cannot be null
 [ SQL语句 ] : INSERT INTO `user` (`id`,`name`,`userstatus`,`campus`) VALUES ('201604012',NULL,'S',NULL)
ERR: 1048:Column 'name' cannot be null
 [ SQL语句 ] : INSERT INTO `user` (`id`,`name`,`userstatus`,`campus`) VALUES ('201604012',NULL,'S',NULL)

[ 2017-02-28T10:04:59+08:00 ] 117.136.63.12 /freeclass/index.php/home/index/index.html
ERR: 1048:Column 'name' cannot be null
 [ SQL语句 ] : INSERT INTO `user` (`id`,`name`,`userstatus`,`campus`) VALUES ('201604012',NULL,'S',NULL)
ERR: 1048:Column 'name' cannot be null
 [ SQL语句 ] : INSERT INTO `user` (`id`,`name`,`userstatus`,`campus`) VALUES ('201604012',NULL,'S',NULL)

[ 2017-02-28T10:05:15+08:00 ] 117.136.63.12 /freeclass/index.php/home/index/index.html
ERR: 1048:Column 'name' cannot be null
 [ SQL语句 ] : INSERT INTO `user` (`id`,`name`,`userstatus`,`campus`) VALUES ('201604012',NULL,'S',NULL)
ERR: 1048:Column 'name' cannot be null
 [ SQL语句 ] : INSERT INTO `user` (`id`,`name`,`userstatus`,`campus`) VALUES ('201604012',NULL,'S',NULL)

[ 2017-02-28T12:44:10+08:00 ] 183.222.165.220 /freeclass/index.php/home/index/index.html
ERR: 1048:Column 'name' cannot be null
 [ SQL语句 ] : INSERT INTO `user` (`id`,`name`,`userstatus`,`campus`) VALUES ('20140445',NULL,'S',NULL)
ERR: 1048:Column 'name' cannot be null
 [ SQL语句 ] : INSERT INTO `user` (`id`,`name`,`userstatus`,`campus`) VALUES ('20140445',NULL,'S',NULL)

